0 info it worked if it ends with ok
1 verbose cli [ 'node', '/bin/npm', 'install' ]
2 info using npm@1.3.6
3 info using node@v0.10.36
4 verbose node symlink /bin/node
5 error install Couldn't read dependencies
6 error Error: ENOENT, open '/var/www/html/reoswp/reoswpui/package.json'
7 error If you need help, you may report this log at:
7 error     <http://github.com/isaacs/npm/issues>
7 error or email it to:
7 error     <npm-@googlegroups.com>
8 error System Linux 3.19.8-100.fc20.i686
9 error command "node" "/bin/npm" "install"
10 error cwd /var/www/html/reoswp/reoswpui
11 error node -v v0.10.36
12 error npm -v 1.3.6
13 error path /var/www/html/reoswp/reoswpui/package.json
14 error code ENOENT
15 error errno 34
16 verbose exit [ 34, true ]
